<?xml version="1.0" encoding="UTF-8"?>
<!-- Generated by org.testng.reporters.JUnitReportReporter -->
<testsuite hostname="DESKTOP-85AIAV1" failures="0" tests="3" name="com.CRM.TestCases.HomePageTest" time="0.403" errors="0" timestamp="2024-04-01T21:36:05 IST" skipped="0">
  <testcase classname="com.CRM.TestCases.HomePageTest" name="verifyUrl" time="0.017"/>
  <system-out/>
  <testcase classname="com.CRM.TestCases.HomePageTest" name="verifyTitle" time="0.020"/>
  <system-out/>
  <testcase classname="com.CRM.TestCases.HomePageTest" name="verifySignIn" time="0.366"/>
  <system-out/>
</testsuite> <!-- com.CRM.TestCases.HomePageTest -->
