<?xml version="1.0" encoding="UTF-8"?>
<!-- Generated by org.testng.reporters.JUnitReportReporter -->
<testsuite hostname="DESKTOP-85AIAV1" failures="0" tests="1" name="com.CRM.TestCases.LoginPageTest" time="0.697" errors="0" timestamp="2024-03-29T09:01:39 IST" skipped="0">
  <testcase classname="com.CRM.TestCases.LoginPageTest" name="verifyLogin" time="0.697"/>
  <system-out/>
</testsuite> <!-- com.CRM.TestCases.LoginPageTest -->
