<?xml version="1.0" encoding="UTF-8"?>
<!-- Generated by org.testng.reporters.JUnitReportReporter -->
<testsuite hostname="DESKTOP-85AIAV1" failures="0" tests="3" name="com.CRM.TestCases.HomePageTest" time="0.275" errors="0" timestamp="2024-03-29T09:01:39 IST" skipped="0">
  <testcase classname="com.CRM.TestCases.HomePageTest" name="verifyUrl" time="0.035"/>
  <system-out/>
  <testcase classname="com.CRM.TestCases.HomePageTest" name="verifyTitle" time="0.044"/>
  <system-out/>
  <testcase classname="com.CRM.TestCases.HomePageTest" name="verifySignIn" time="0.196"/>
  <system-out/>
</testsuite> <!-- com.CRM.TestCases.HomePageTest -->
