<?xml version="1.0" encoding="UTF-8"?>
<!-- Generated by org.testng.reporters.JUnitReportReporter -->
<testsuite hostname="DESKTOP-85AIAV1" failures="0" tests="3" name="seleniumGrid.CrossBrowserTest" time="337.573" errors="0" timestamp="2024-04-02T11:39:57 IST" skipped="0">
  <testcase classname="seleniumGrid.CrossBrowserTest" name="browserTest" time="114.734"/>
  <system-out>
    <![CDATA[Test executing on edge
Driver session established with Server
Test execution for Amazon application
Test execution on chrome completed
Test execution on edge completed
Test execution on firefox completed]]>
  </system-out>
  <testcase classname="seleniumGrid.CrossBrowserTest" name="browserTest" time="103.972"/>
  <system-out>
    <![CDATA[Test executing on chrome
Driver session established with Server
Test execution for Amazon application
Test execution on chrome completed
Test execution on edge completed
Test execution on firefox completed]]>
  </system-out>
  <testcase classname="seleniumGrid.CrossBrowserTest" name="browserTest" time="118.867"/>
  <system-out>
    <![CDATA[Test executing on firefox
Driver session established with Server
Test execution for Amazon application
Test execution on chrome completed
Test execution on edge completed
Test execution on firefox completed]]>
  </system-out>
</testsuite> <!-- seleniumGrid.CrossBrowserTest -->
