<?xml version="1.0" encoding="UTF-8"?>
<!-- Generated by org.testng.reporters.JUnitReportReporter -->
<testsuite hostname="DESKTOP-85AIAV1" failures="0" tests="1" name="com.CRM.TestCases.LoginPageTest" time="1.041" errors="0" timestamp="2024-04-01T21:58:44 IST" skipped="0">
  <testcase classname="com.CRM.TestCases.LoginPageTest" name="verifyLogin" time="1.041"/>
  <system-out/>
</testsuite> <!-- com.CRM.TestCases.LoginPageTest -->
