<?xml version="1.0" encoding="UTF-8"?>
<!-- Generated by org.testng.reporters.JUnitReportReporter -->
<testsuite hostname="DESKTOP-85AIAV1" failures="0" tests="1" name="com.CRM.TestCases.LoginPageTest" time="2.084" errors="0" timestamp="2024-04-02T10:21:50 IST" skipped="0">
  <testcase classname="com.CRM.TestCases.LoginPageTest" name="verifyLogin" time="2.084"/>
  <system-out/>
</testsuite> <!-- com.CRM.TestCases.LoginPageTest -->
