<?xml version="1.0" encoding="UTF-8"?>
<!-- Generated by org.testng.reporters.JUnitReportReporter -->
<testsuite hostname="DESKTOP-85AIAV1" failures="0" tests="1" name="com.CRM.TestCases.LoginPageTest" time="1.838" errors="0" timestamp="2024-03-29T14:37:56 IST" skipped="0">
  <testcase classname="com.CRM.TestCases.LoginPageTest" name="verifyLogin" time="1.838"/>
  <system-out/>
</testsuite> <!-- com.CRM.TestCases.LoginPageTest -->
